<?xml version="1.0" encoding="UTF-8"?>
<testsuite xmlns:xsi="http://www.w3.org/2001/XMLSchema-instance" xsi:noNamespaceSchemaLocation="https://maven.apache.org/surefire/maven-surefire-plugin/xsd/surefire-test-report-3.0.xsd" version="3.0" name="com.spikenews.NewsAndMatchIntegrationTest" time="8.469" tests="2" errors="0" skipped="0" failures="0">
  <properties>
[...]
</properties>
  <testcase name="testInternalMatchUpdateWebhook" classname="com.spikenews.NewsAndMatchIntegrationTest" time="0.885">
    <system-out><![CDATA[Standard Commons Logging discovery in action with spring-jcl: please remove commons-logging.jar from classpath in order to avoid potential conflicts
11:02:17.188 [main] INFO org.springframework.test.context.support.AnnotationConfigContextLoaderUtils -- Could not detect default configuration classes for test class [com.spikenews.NewsAndMatchIntegrationTest]: NewsAndMatchIntegrationTest does not declare any static, non-private, non-final, nested classes annotated with @Configuration.
11:02:17.333 [main] INFO org.springframework.boot.test.context.SpringBootTestContextBootstrapper -- Found @SpringBootConfiguration com.spikenews.SpikeNewsApplication for test class com.spikenews.NewsAndMatchIntegrationTest

  .   ____          _            __ _ _
 /\\ / ___'_ __ _ _(_)_ __  __ _ \ \ \ \
( ( )\___ | '_ | '_| | '_ \/ _` | \ \ \ \
 \\/  ___)| |_)| | | | | || (_| |  ) ) ) )
  '  |____| .__|_| |_|_| |_\__, | / / / /
 =========|_|==============|___/=/_/_/_/

 :: Spring Boot ::                (v3.3.4)

2026-09-24T11:02:17.916-03:00  INFO 23656 --- [           main] c.spikenews.NewsAndMatchIntegrationTest  : Starting NewsAndMatchIntegrationTest using Java 25.0.2 with PID 23656 (started by mfmsouza in c:\wrk\spike_news\backend)
2026-09-24T11:02:17.918-03:00  INFO 23656 --- [           main] c.spikenews.NewsAndMatchIntegrationTest  : No active profile set, falling back to 1 default profile: "default"
2026-09-24T11:02:18.822-03:00  INFO 23656 --- [           main] .s.d.r.c.RepositoryConfigurationDelegate : Bootstrapping Spring Data JPA repositories in DEFAULT mode.
2026-09-24T11:02:18.935-03:00  INFO 23656 --- [           main] .s.d.r.c.RepositoryConfigurationDelegate : Finished Spring Data repository scanning in 103 ms. Found 8 JPA repository interfaces.
2026-09-24T11:02:19.619-03:00  INFO 23656 --- [           main] o.hibernate.jpa.internal.util.LogHelper  : HHH000204: Processing PersistenceUnitInfo [name: default]
2026-09-24T11:02:19.723-03:00  INFO 23656 --- [           main] org.hibernate.Version                    : HHH000412: Hibernate ORM core version 6.5.3.Final
2026-09-24T11:02:19.769-03:00  INFO 23656 --- [           main] o.h.c.internal.RegionFactoryInitiator    : HHH000026: Second-level cache disabled
2026-09-24T11:02:20.257-03:00  INFO 23656 --- [           main] o.s.o.j.p.SpringPersistenceUnitInfo      : No LoadTimeWeaver setup: ignoring JPA class transformer
2026-09-24T11:02:20.301-03:00  INFO 23656 --- [           main] com.zaxxer.hikari.HikariDataSource       : HikariPool-1 - Starting...
2026-09-24T11:02:20.449-03:00  INFO 23656 --- [           main] com.zaxxer.hikari.pool.HikariPool        : HikariPool-1 - Added connection org.sqlite.jdbc4.JDBC4Connection@3d1c52f5
2026-09-24T11:02:20.452-03:00  INFO 23656 --- [           main] com.zaxxer.hikari.HikariDataSource       : HikariPool-1 - Start completed.
2026-09-24T11:02:21.588-03:00  INFO 23656 --- [           main] o.h.e.t.j.p.i.JtaPlatformInitiator       : HHH000489: No JTA platform available (set 'hibernate.transaction.jta.platform' to enable JTA platform integration)
2026-09-24T11:02:21.638-03:00  INFO 23656 --- [           main] j.LocalContainerEntityManagerFactoryBean : Initialized JPA EntityManagerFactory for persistence unit 'default'
2026-09-24T11:02:22.153-03:00  INFO 23656 --- [           main] eAuthenticationProviderManagerConfigurer : Global AuthenticationManager configured with AuthenticationProvider bean with name authenticationProvider
2026-09-24T11:02:22.160-03:00  WARN 23656 --- [           main] r$InitializeUserDetailsManagerConfigurer : Global AuthenticationManager configured with an AuthenticationProvider bean. UserDetailsService beans will not be used for username/password login. Consider removing the AuthenticationProvider bean. Alternatively, consider using the UserDetailsService in a manually instantiated DaoAuthenticationProvider.
2026-09-24T11:02:22.383-03:00  WARN 23656 --- [           main] JpaBaseConfiguration$JpaWebConfiguration : spring.jpa.open-in-view is enabled by default. Therefore, database queries may be performed during view rendering. Explicitly configure spring.jpa.open-in-view to disable this warning
2026-09-24T11:02:23.250-03:00  INFO 23656 --- [           main] o.s.b.t.m.w.SpringBootMockServletContext : Initializing Spring TestDispatcherServlet ''
2026-09-24T11:02:23.251-03:00  INFO 23656 --- [           main] o.s.t.web.servlet.TestDispatcherServlet  : Initializing Servlet ''
2026-09-24T11:02:23.251-03:00  INFO 23656 --- [           main] o.s.t.web.servlet.TestDispatcherServlet  : Completed initialization in 0 ms
2026-09-24T11:02:23.277-03:00  INFO 23656 --- [           main] c.spikenews.NewsAndMatchIntegrationTest  : Started NewsAndMatchIntegrationTest in 5.744 seconds (process running for 6.932)
2026-09-24T11:02:23.640-03:00  INFO 23656 --- [           main] com.spikenews.service.CatalogService     : Iniciando sincronização inicial de catálogo do Valorant...
2026-09-24T11:02:23.886-03:00  WARN 23656 --- [           main] c.s.integration.ValorantApiClient        : Aviso ao buscar agentes da API externa (usando fallback seguro): Unexpected character ('<' (code 60)): expected a valid value (JSON String, Number, Array, Object or token 'null', 'true' or 'false')
 at [Source: REDACTED (`StreamReadFeature.INCLUDE_SOURCE_IN_LOCATION` disabled); line: 1, column: 1]
2026-09-24T11:02:23.932-03:00  INFO 23656 --- [           main] com.spikenews.service.CatalogService     : Sincronizados 3 agentes no SQLite.
2026-09-24T11:02:24.001-03:00  WARN 23656 --- [           main] c.s.integration.ValorantApiClient        : Aviso ao buscar mapas da API externa (usando fallback seguro): Unexpected character ('<' (code 60)): expected a valid value (JSON String, Number, Array, Object or token 'null', 'true' or 'false')
 at [Source: REDACTED (`StreamReadFeature.INCLUDE_SOURCE_IN_LOCATION` disabled); line: 1, column: 1]
2026-09-24T11:02:24.006-03:00  INFO 23656 --- [           main] com.spikenews.service.CatalogService     : Sincronizados 3 mapas no SQLite.
2026-09-24T11:02:24.075-03:00  WARN 23656 --- [           main] c.s.integration.ValorantApiClient        : Aviso ao buscar armas da API externa (usando fallback seguro): Unexpected character ('<' (code 60)): expected a valid value (JSON String, Number, Array, Object or token 'null', 'true' or 'false')
 at [Source: REDACTED (`StreamReadFeature.INCLUDE_SOURCE_IN_LOCATION` disabled); line: 1, column: 1]
2026-09-24T11:02:24.080-03:00  INFO 23656 --- [           main] com.spikenews.service.CatalogService     : Sincronizadas 3 armas no SQLite.
2026-09-24T11:02:24.902-03:00  INFO 23656 --- [           main] com.spikenews.service.MatchService       : Partida atualizada e transmitida via SSE: LOUD vs Sentinels
]]></system-out>
    <system-err><![CDATA[WARNING: A Java agent has been loaded dynamically (C:\Users\mfmsouza\.m2\repository\net\bytebuddy\byte-buddy-agent\1.14.19\byte-buddy-agent-1.14.19.jar)
WARNING: If a serviceability tool is in use, please run with -XX:+EnableDynamicAgentLoading to hide this warning
WARNING: If a serviceability tool is not in use, please run with -Djdk.instrument.traceUsage for more information
WARNING: Dynamic loading of agents will be disallowed by default in a future release
]]></system-err>
  </testcase>
  <testcase name="testAuthAndNewsCreationFlow" classname="com.spikenews.NewsAndMatchIntegrationTest" time="0.474">
    <system-out><![CDATA[2026-09-24T11:02:25.422-03:00  WARN 23656 --- [           main] ration$PageModule$WarningLoggingModifier : Serializing PageImpl instances as-is is not supported, meaning that there is no guarantee about the stability of the resulting JSON structure!
	For a stable JSON structure, please use Spring Data's PagedModel (globally via @EnableSpringDataWebSupport(pageSerializationMode = VIA_DTO))
	or Spring HATEOAS and Spring Data's PagedResourcesAssembler as documented in https://docs.spring.io/spring-data/commons/reference/repositories/core-extensions.html#core.web.pageables.

]]></system-out>
  </testcase>
</testsuite>